<?xml version="1.0" encoding="UTF-8"?>
<testng-results skipped="0" failed="0" ignored="0" total="1" passed="1">
  <reporter-output>
  </reporter-output>
  <suite name="Command line suite" duration-ms="9" started-at="2020-03-22T01:50:38Z" finished-at="2020-03-22T01:50:38Z">
    <groups>
    </groups>
    <test name="Command line test" duration-ms="9" started-at="2020-03-22T01:50:38Z" finished-at="2020-03-22T01:50:38Z">
      <class name="com.test.rest.api.AppTest">
        <test-method status="PASS" signature="testApp()[pri:0, instance:testApp(com.test.rest.api.AppTest)]" name="testApp" duration-ms="1" started-at="2020-03-22T01:50:38Z" finished-at="2020-03-22T01:50:38Z">
          <reporter-output>
          </reporter-output>
        </test-method> <!-- testApp -->
      </class> <!-- com.test.rest.api.AppTest -->
    </test> <!-- Command line test -->
  </suite> <!-- Command line suite -->
</testng-results>
