<?xml version="1.0" encoding="UTF-8"?>
<!-- Generated by org.testng.reporters.JUnitXMLReporter -->
<testsuite hostname="Rahul-Dell-PC" ignored="0" name="Command line test" tests="3" failures="0" timestamp="22 Mar 2020 01:50:38 GMT" time="0.4" errors="0">
  <testcase name="testGetAll" time="0.343" classname="com.test.rest.api.TestGetMethod"/>
  <testcase name="testGetId" time="0.01" classname="com.test.rest.api.TestGetMethod"/>
  <testcase name="testGetPing" time="0.023" classname="com.test.rest.api.TestGetMethod"/>
</testsuite> <!-- Command line test -->
