<?xml version="1.0" encoding="UTF-8"?>
<testng-results skipped="0" failed="0" ignored="0" total="1" passed="1">
  <reporter-output>
  </reporter-output>
  <suite name="Default suite" duration-ms="6941" started-at="2020-05-12T00:20:46Z" finished-at="2020-05-12T00:20:53Z">
    <groups>
    </groups>
    <test name="Default test" duration-ms="6941" started-at="2020-05-12T00:20:46Z" finished-at="2020-05-12T00:20:53Z">
      <class name="com.test.rest.api.WireMock.TestGetUsingMock">
        <test-method status="PASS" signature="setup()[pri:0, instance:com.test.rest.api.WireMock.TestGetUsingMock@53fdffa1]" name="setup" is-config="true" duration-ms="1730" started-at="2020-05-12T00:20:46Z" finished-at="2020-05-12T00:20:47Z">
          <reporter-output>
          </reporter-output>
        </test-method> <!-- setup -->
        <test-method status="PASS" signature="testGetEndPoint()[pri:0, instance:com.test.rest.api.WireMock.TestGetUsingMock@53fdffa1]" name="testGetEndPoint" duration-ms="5187" started-at="2020-05-12T00:20:47Z" finished-at="2020-05-12T00:20:53Z">
          <reporter-output>
          </reporter-output>
        </test-method> <!-- testGetEndPoint -->
        <test-method status="PASS" signature="stopServer()[pri:0, instance:com.test.rest.api.WireMock.TestGetUsingMock@53fdffa1]" name="stopServer" is-config="true" duration-ms="1" started-at="2020-05-12T00:20:53Z" finished-at="2020-05-12T00:20:53Z">
          <reporter-output>
          </reporter-output>
        </test-method> <!-- stopServer -->
      </class> <!-- com.test.rest.api.WireMock.TestGetUsingMock -->
    </test> <!-- Default test -->
  </suite> <!-- Default suite -->
</testng-results>
